[InitStackTraceLibrary] [207] [INIT>> Stack Trace Library(Thread) is Finished.]
[InitStackTraceLibrary] [207] [INIT>> Stack Trace Library(Thread) is Finished.]
[InitStackTraceLibrary] [207] [INIT>> Stack Trace Library(Thread) is Finished.]
[InitExceptionHandler] [524] [INIT>> Exception Handler is Finished.]
[InitCryptedType] [539] [INIT>> Crypted Type is Finished.]
[wWinMain] [248] [INIT>> Memory Pool is Finished.]
[InitStackTraceLibrary] [207] [INIT>> Stack Trace Library(Thread) is Finished.]
[wWinMain] [254] [INIT>> Background Validator is Finished.]
[InitMain] [582] [INIT>> Neople Engine is Finished.]
[InitMain] [650] [INIT>> Create Window is Finished.]
[CNGameCore::Create] [624] [OS Version]
[CNGameCore::Create] [659] [INIT>> Packet Handler(CMD, NOTI) is Finished.]
[CNGameCore::Create] [720] [INIT>> Security is Finished.]
[CNGameCore::Create] [740] [INIT>> Argument Parsing is Finished.]
[InitHttpSystem] [2639] [INIT>> Http System is Finished.]
[nengine::CNGraphicSystemDirect3D::Create] [174] [DX>> InitDirect3D start]
[nengine::CNGraphicSystemDirect3D::BuildDeviceList] [1281] [ /// DeviceList ///
]
[nengine::CNGraphicSystemDirect3D::BuildDeviceList] [1325] [
AdapterIdentifier 0, SUCCESS]
[nengine::CNGraphicSystemDirect3D::BuildDeviceList] [1423] [
Hardware Acceleration Format Check 0, SUCCESS]
[nengine::CNGraphicSystemDirect3D::BuildDeviceList] [1423] [
Hardware Acceleration Format Check 0, SUCCESS]
[nengine::CNGraphicSystemDirect3D::BuildDeviceList] [1565] [
[AdapterCount 1 / 1] : 当文件已存在时，无法创建该文件。

]
[nengine::CNSystemInfo::CheckSystemType] [542] [CPU:Intel, 3194Hz/16, GRAPHIC:NVidia video card: Unknown 0x2560, RAM:65388MBytes, HDD:0MBytes]
[nengine::CNGraphicSystemDirect3D::Create] [183] [DX>> InitDirect3D success]
[MemoryUsageChecker::~MemoryUsageChecker] [673] [PerformanceStamp]InitGraphicSystem]
[MemoryUsageChecker::~MemoryUsageChecker] [673] [	 - Mem : 162376kb(158mb) -> 257704kb(251mb), changed - 95328kb(93mb)]
[MemoryUsageChecker::~MemoryUsageChecker] [673] [	 - wastTime : 895]
[CNGameCore::Create] [818] [INIT>> Graphic System is Finished.]
[CNGameCore::Create] [822] [INIT>> Screen Mode is Finished.]
[CNGameCore::Create] [826] [INIT>> ScreenShot is Finished.]
[CNGameCore::Create] [830] [INIT>> Back Surface is Finished.]
[nengine::InitialPackageImage] [97] [INIT NPK>> NPK Initial Start]
[nengine::InitialPackageImage] [102] [INIT NPK>> NPK Initial Step1 Finish]
[nengine::InitialPackageImage] [107] [INIT NPK>> NPK Initial Step2 Finish]
[CNGameCore::Create] [834] [INIT>> Image Packs are Finished.]
[CNGameCore::Create] [838] [INIT>> Input System is Finished.]
[CNGameCore::Create] [842] [INIT>> Font System is Finished.]
[CNGameCore::Create] [855] [INIT>> Anti Hacking Class is Finished.]
[InitRDARScript] [344] [SCRIPT>> path = Script/, use pack = 1, name = Script.pvf]
[nengine::ScriptErrorReporter::writeLog] [226] [Script.pvf : 系统找不到指定的文件。(0x00000002)]
[nengine::IEngine::ShowErrorMessage] [166] [安装文件发生错误
请重新安装(Init)]
[MemoryUsageChecker::~MemoryUsageChecker] [673] [PerformanceStamp]InitRdarSystem]
[MemoryUsageChecker::~MemoryUsageChecker] [673] [	 - Mem : 267288kb(261mb) -> 267312kb(261mb), changed - 24kb(0mb)]
[MemoryUsageChecker::~MemoryUsageChecker] [673] [	 - wastTime : 3107]
[MemoryUsageChecker::~MemoryUsageChecker] [673] [PerformanceStamp]CNGameCore::Create]
[MemoryUsageChecker::~MemoryUsageChecker] [673] [	 - Mem : 162208kb(158mb) -> 267312kb(261mb), changed - 105104kb(102mb)]
[MemoryUsageChecker::~MemoryUsageChecker] [673] [	 - wastTime : 4933]
[MemoryUsageChecker::~MemoryUsageChecker] [673] [PerformanceStamp]InitMain]
[MemoryUsageChecker::~MemoryUsageChecker] [673] [	 - Mem : 161860kb(158mb) -> 267312kb(261mb), changed - 105452kb(102mb)]
[MemoryUsageChecker::~MemoryUsageChecker] [673] [	 - wastTime : 4956]
